<?xml version="1.0" encoding="UTF-8"?>
<testng-results skipped="0" failed="0" ignored="0" total="1" passed="1">
  <reporter-output>
  </reporter-output>
  <suite name="Suite" duration-ms="15946" started-at="2024-01-13T15:10:08Z" finished-at="2024-01-13T15:10:24Z">
    <groups>
    </groups>
    <test name="Test" duration-ms="15946" started-at="2024-01-13T15:10:08Z" finished-at="2024-01-13T15:10:24Z">
      <class name="org.demo.FBLogin">
        <test-method status="PASS" signature="tc1()[pri:0, instance:org.demo.FBLogin@56235b8e]" name="tc1" duration-ms="15829" started-at="2024-01-13T15:10:08Z" finished-at="2024-01-13T15:10:24Z">
          <reporter-output>
          </reporter-output>
        </test-method> <!-- tc1 -->
      </class> <!-- org.demo.FBLogin -->
    </test> <!-- Test -->
  </suite> <!-- Suite -->
</testng-results>
