<?xml version="1.0" encoding="UTF-8"?>
<testng-results skipped="0" failed="0" ignored="0" total="1" passed="1">
  <reporter-output>
  </reporter-output>
  <suite name="Default suite" duration-ms="16824" started-at="2024-01-13T14:58:35Z" finished-at="2024-01-13T14:58:52Z">
    <groups>
    </groups>
    <test name="Default test" duration-ms="16824" started-at="2024-01-13T14:58:35Z" finished-at="2024-01-13T14:58:52Z">
      <class name="org.demo.FBLogin">
        <test-method status="PASS" signature="tc1()[pri:0, instance:org.demo.FBLogin@5025a98f]" name="tc1" duration-ms="16660" started-at="2024-01-13T14:58:35Z" finished-at="2024-01-13T14:58:51Z">
          <reporter-output>
          </reporter-output>
        </test-method> <!-- tc1 -->
      </class> <!-- org.demo.FBLogin -->
    </test> <!-- Default test -->
  </suite> <!-- Default suite -->
</testng-results>
